# JRE version: Java(TM) SE Runtime Environment (8.0_45-b15) (build 1.8.0_45-b15)
# Java VM: Java HotSpot(TM) Client VM (25.45-b02 mixed mode windows-x86 )
Heap:
 def new generation   total 8064K, used 4426K [0x04800000, 0x050c0000, 0x09d50000)
  eden space 7168K,  55% used [0x04800000, 0x04be0550, 0x04f00000)
  from space 896K,  51% used [0x04fe0000, 0x050525e8, 0x050c0000)
  to   space 896K,   0% used [0x04f00000, 0x04f00000, 0x04fe0000)
 tenured generation   total 17900K, used 11040K [0x09d50000, 0x0aecb000, 0x14800000)
   the space 17900K,  61% used [0x09d50000, 0x0a818140, 0x0a818200, 0x0aecb000)
 Metaspace       used 3450K, capacity 3489K, committed 3520K, reserved 4480K
GC Heap History (10 events):
Event: 491.820 GC heap before
{Heap before GC invocations=9282 (full 12):
 def new generation   total 8064K, used 7214K [0x04800000, 0x050c0000, 0x09d50000)
  eden space 7168K, 100% used [0x04800000, 0x04f00000, 0x04f00000)
  from space 896K,   5% used [0x04f00000, 0x04f0b980, 0x04fe0000)
  to   space 896K,   0% used [0x04fe0000, 0x04fe0000, 0x050c0000)
 tenured generation   total 17900K, used 10987K [0x09d50000, 0x0aecb000, 0x14800000)
   the space 17900K,  61% used [0x09d50000, 0x0a80ad40, 0x0a80ae00, 0x0aecb000)
 Metaspace       used 3443K, capacity 3489K, committed 3520K, reserved 4480K
Event: 491.821 GC heap after
Heap after GC invocations=9283 (full 12):
 def new generation   total 8064K, used 469K [0x04800000, 0x050c0000, 0x09d50000)
  eden space 7168K,   0% used [0x04800000, 0x04800000, 0x04f00000)
  from space 896K,  52% used [0x04fe0000, 0x05055560, 0x050c0000)
  to   space 896K,   0% used [0x04f00000, 0x04f00000, 0x04fe0000)
 tenured generation   total 17900K, used 10987K [0x09d50000, 0x0aecb000, 0x14800000)
   the space 17900K,  61% used [0x09d50000, 0x0a80ad40, 0x0a80ae00, 0x0aecb000)
 Metaspace       used 3443K, capacity 3489K, committed 3520K, reserved 4480K
}
Event: 491.887 GC heap before
{Heap before GC invocations=9283 (full 12):
 def new generation   total 8064K, used 7637K [0x04800000, 0x050c0000, 0x09d50000)
  eden space 7168K, 100% used [0x04800000, 0x04f00000, 0x04f00000)
  from space 896K,  52% used [0x04fe0000, 0x05055560, 0x050c0000)
  to   space 896K,   0% used [0x04f00000, 0x04f00000, 0x04fe0000)
 tenured generation   total 17900K, used 10987K [0x09d50000, 0x0aecb000, 0x14800000)
   the space 17900K,  61% used [0x09d50000, 0x0a80ad40, 0x0a80ae00, 0x0aecb000)
 Metaspace       used 3443K, capacity 3489K, committed 3520K, reserved 4480K
Event: 491.888 GC heap after
Heap after GC invocations=9284 (full 12):
 def new generation   total 8064K, used 456K [0x04800000, 0x050c0000, 0x09d50000)
  eden space 7168K,   0% used [0x04800000, 0x04800000, 0x04f00000)
  from space 896K,  50% used [0x04f00000, 0x04f72358, 0x04fe0000)
  to   space 896K,   0% used [0x04fe0000, 0x04fe0000, 0x050c0000)
 tenured generation   total 17900K, used 11008K [0x09d50000, 0x0aecb000, 0x14800000)
   the space 17900K,  61% used [0x09d50000, 0x0a8103c0, 0x0a810400, 0x0aecb000)
 Metaspace       used 3443K, capacity 3489K, committed 3520K, reserved 4480K
}
Event: 491.970 GC heap before
{Heap before GC invocations=9284 (full 12):
 def new generation   total 8064K, used 7535K [0x04800000, 0x050c0000, 0x09d50000)
  eden space 7168K,  98% used [0x04800000, 0x04ee9a60, 0x04f00000)
  from space 896K,  50% used [0x04f00000, 0x04f72358, 0x04fe0000)
  to   space 896K,   0% used [0x04fe0000, 0x04fe0000, 0x050c0000)
 tenured generation   total 17900K, used 11008K [0x09d50000, 0x0aecb000, 0x14800000)
   the space 17900K,  61% used [0x09d50000, 0x0a8103c0, 0x0a810400, 0x0aecb000)
 Metaspace       used 3443K, capacity 3489K, committed 3520K, reserved 4480K
Event: 491.971 GC heap after
Heap after GC invocations=9285 (full 12):
 def new generation   total 8064K, used 46K [0x04800000, 0x050c0000, 0x09d50000)
  eden space 7168K,   0% used [0x04800000, 0x04800000, 0x04f00000)
  from space 896K,   5% used [0x04fe0000, 0x04feb9d8, 0x050c0000)
  to   space 896K,   0% used [0x04f00000, 0x04f00000, 0x04fe0000)
 tenured generation   total 17900K, used 11018K [0x09d50000, 0x0aecb000, 0x14800000)
   the space 17900K,  61% used [0x09d50000, 0x0a812af0, 0x0a812c00, 0x0aecb000)
 Metaspace       used 3443K, capacity 3489K, committed 3520K, reserved 4480K
}
Event: 492.036 GC heap before
{Heap before GC invocations=9285 (full 12):
 def new generation   total 8064K, used 7214K [0x04800000, 0x050c0000, 0x09d50000)
  eden space 7168K, 100% used [0x04800000, 0x04f00000, 0x04f00000)
  from space 896K,   5% used [0x04fe0000, 0x04feb9d8, 0x050c0000)
  to   space 896K,   0% used [0x04f00000, 0x04f00000, 0x04fe0000)
 tenured generation   total 17900K, used 11018K [0x09d50000, 0x0aecb000, 0x14800000)
   the space 17900K,  61% used [0x09d50000, 0x0a812af0, 0x0a812c00, 0x0aecb000)
 Metaspace       used 3443K, capacity 3489K, committed 3520K, reserved 4480K
Event: 492.036 GC heap after
Heap after GC invocations=9286 (full 12):
 def new generation   total 8064K, used 468K [0x04800000, 0x050c0000, 0x09d50000)
  eden space 7168K,   0% used [0x04800000, 0x04800000, 0x04f00000)
  from space 896K,  52% used [0x04f00000, 0x04f75348, 0x04fe0000)
  to   space 896K,   0% used [0x04fe0000, 0x04fe0000, 0x050c0000)
 tenured generation   total 17900K, used 11018K [0x09d50000, 0x0aecb000, 0x14800000)
   the space 17900K,  61% used [0x09d50000, 0x0a812af0, 0x0a812c00, 0x0aecb000)
 Metaspace       used 3443K, capacity 3489K, committed 3520K, reserved 4480K
}
Event: 492.104 GC heap before
{Heap before GC invocations=9286 (full 12):
 def new generation   total 8064K, used 7636K [0x04800000, 0x050c0000, 0x09d50000)
  eden space 7168K, 100% used [0x04800000, 0x04f00000, 0x04f00000)
  from space 896K,  52% used [0x04f00000, 0x04f75348, 0x04fe0000)
  to   space 896K,   0% used [0x04fe0000, 0x04fe0000, 0x050c0000)
 tenured generation   total 17900K, used 11018K [0x09d50000, 0x0aecb000, 0x14800000)
   the space 17900K,  61% used [0x09d50000, 0x0a812af0, 0x0a812c00, 0x0aecb000)
 Metaspace       used 3443K, capacity 3489K, committed 3520K, reserved 4480K
Event: 492.104 GC heap after
Heap after GC invocations=9287 (full 12):
 def new generation   total 8064K, used 457K [0x04800000, 0x050c0000, 0x09d50000)
  eden space 7168K,   0% used [0x04800000, 0x04800000, 0x04f00000)
  from space 896K,  51% used [0x04fe0000, 0x050525e8, 0x050c0000)
  to   space 896K,   0% used [0x04f00000, 0x04f00000, 0x04fe0000)
 tenured generation   total 17900K, used 11040K [0x09d50000, 0x0aecb000, 0x14800000)
   the space 17900K,  61% used [0x09d50000, 0x0a818140, 0x0a818200, 0x0aecb000)
 Metaspace       used 3443K, capacity 3489K, committed 3520K, reserved 4480K
}

